0 info it worked if it ends with ok
1 verbose cli [ '/usr/local/bin/node', '/usr/local/bin/npm', 'run', 'publish' ]
2 info using npm@3.10.9
3 info using node@v6.9.2
4 verbose run-script [ 'prepublish', 'publish', 'postpublish' ]
5 info lifecycle angular2-pubsub@2.0.1~prepublish: angular2-pubsub@2.0.1
6 silly lifecycle angular2-pubsub@2.0.1~prepublish: no script for prepublish, continuing
7 info lifecycle angular2-pubsub@2.0.1~publish: angular2-pubsub@2.0.1
8 verbose lifecycle angular2-pubsub@2.0.1~publish: unsafe-perm in lifecycle true
9 verbose lifecycle angular2-pubsub@2.0.1~publish: PATH: /usr/local/lib/node_modules/npm/bin/node-gyp-bin:/Volumes/Project/github/sqlprovider/angular2-pubsub/node_modules/.bin:/Users/sqlprovider/Library/Android/sdk/platform-tools:/usr/local/bin:/usr/bin:/bin:/usr/sbin:/sbin:/Users/sqlprovider/Library/Android/sdk/platform-tools
10 verbose lifecycle angular2-pubsub@2.0.1~publish: CWD: /Volumes/Project/github/sqlprovider/angular2-pubsub
11 silly lifecycle angular2-pubsub@2.0.1~publish: Args: [ '-c', 'npm run build && ./publish.sh' ]
12 silly lifecycle angular2-pubsub@2.0.1~publish: Returned: code: 1  signal: null
13 info lifecycle angular2-pubsub@2.0.1~publish: Failed to exec publish script
14 verbose stack Error: angular2-pubsub@2.0.1 publish: `npm run build && ./publish.sh`
14 verbose stack Exit status 1
14 verbose stack     at EventEmitter.<anonymous> (/usr/local/lib/node_modules/npm/lib/utils/lifecycle.js:255:16)
14 verbose stack     at emitTwo (events.js:106:13)
14 verbose stack     at EventEmitter.emit (events.js:191:7)
14 verbose stack     at ChildProcess.<anonymous> (/usr/local/lib/node_modules/npm/lib/utils/spawn.js:40:14)
14 verbose stack     at emitTwo (events.js:106:13)
14 verbose stack     at ChildProcess.emit (events.js:191:7)
14 verbose stack     at maybeClose (internal/child_process.js:877:16)
14 verbose stack     at Process.ChildProcess._handle.onexit (internal/child_process.js:226:5)
15 verbose pkgid angular2-pubsub@2.0.1
16 verbose cwd /Volumes/Project/github/sqlprovider/angular2-pubsub
17 error Darwin 16.4.0
18 error argv "/usr/local/bin/node" "/usr/local/bin/npm" "run" "publish"
19 error node v6.9.2
20 error npm  v3.10.9
21 error code ELIFECYCLE
22 error angular2-pubsub@2.0.1 publish: `npm run build && ./publish.sh`
22 error Exit status 1
23 error Failed at the angular2-pubsub@2.0.1 publish script 'npm run build && ./publish.sh'.
23 error Make sure you have the latest version of node.js and npm installed.
23 error If you do, this is most likely a problem with the angular2-pubsub package,
23 error not with npm itself.
23 error Tell the author that this fails on your system:
23 error     npm run build && ./publish.sh
23 error You can get information on how to open an issue for this project with:
23 error     npm bugs angular2-pubsub
23 error Or if that isn't available, you can get their info via:
23 error     npm owner ls angular2-pubsub
23 error There is likely additional logging output above.
24 verbose exit [ 1, true ]
